/********************************************************************/
/*                                                                  */
/*                RTE Interface from ISOLAR-A                     */
/*                                                                  */
/********************************************************************/

Command Invoked : 
C:\ETAS\RTA-RTE\bin\RTEGen.exe -q 1 -r /VirtualSystem/EcuInstance_0 -o [*.*]"C:\ETASData\ISOLAR-A\workspace\FinalProject"  -tsl=128 --samples=swc -f "C:\ETASData\ISOLAR-A\workspace\FinalProject\rtegen_files.lst"

########## ETAS RTE Messages Starts here ###########

RTA-RTE v5.5.0 
Copyright ¨Ï ETAS GmbH 2004-2013
Command line options: -q 1 -r /VirtualSystem/EcuInstance_0 -o [*.*]C:\ETASData\ISOLAR-A\workspace\FinalProject -tsl=128 --samples=swc -f C:\ETASData\ISOLAR-A\workspace\FinalProject\rtegen_files.lst [ C:\ETASData\ISOLAR-A\workspace\FinalProject\Component.arxml C:\ETASData\ISOLAR-A\workspace\FinalProject\Composition.arxml C:\ETASData\ISOLAR-A\workspace\FinalProject\ECU.arxml C:\ETASData\ISOLAR-A\workspace\FinalProject\EcuInstance_0_FlatMap.arxml C:\ETASData\ISOLAR-A\workspace\FinalProject\EcuInstance_0_FlatView_SWCD.arxml C:\ETASData\ISOLAR-A\workspace\FinalProject\Interface.arxml C:\ETASData\ISOLAR-A\workspace\FinalProject\ISOLAR_PlatformTypes.arxml C:\ETASData\ISOLAR-A\workspace\FinalProject\OS_CFG.arxml C:\ETASData\ISOLAR-A\workspace\FinalProject\osNeeds.arxml C:\ETASData\ISOLAR-A\workspace\FinalProject\RTE_CFG.arxml C:\ETASData\ISOLAR-A\workspace\FinalProject\Types.arxml C:\ETASData\ISOLAR-A\workspace\FinalProject\VirtaulSys_EcuExtr.arxml C:\ETASData\ISOLAR-A\workspace\FinalProject\VirtualSys_EcuExtr.arxml C:\ETASData\ISOLAR-A\workspace\FinalProject\VirtualSystem.arxml ] 
Loading Schema cache... done
URI(s): http://autosar.org/schema/r4.0
Phase is RTE (license verified, expires on 21-Jun-2016)
Validating XML... done
Building types database... done
Flattening Root Composition... done
Parsing RTE Configuration... done
Validating Input... done
Determining receive buffers... done
Finding modes... done
Building reification tree... done
Configuration... done
Generating output files... done
Processing templates... done

The following files were generated:
	C:\ETASData\ISOLAR-A\workspace\FinalProject/OsTask_0.c
	C:\ETASData\ISOLAR-A\workspace\FinalProject/OsTask_1.c
	C:\ETASData\ISOLAR-A\workspace\FinalProject/Rte.c
	C:\ETASData\ISOLAR-A\workspace\FinalProject/Rte.h
	C:\ETASData\ISOLAR-A\workspace\FinalProject/Rte_Algo.c
	C:\ETASData\ISOLAR-A\workspace\FinalProject/Rte_Algo.h
	C:\ETASData\ISOLAR-A\workspace\FinalProject/Rte_Algo_Type.h
	C:\ETASData\ISOLAR-A\workspace\FinalProject/Rte_BEA.c
	C:\ETASData\ISOLAR-A\workspace\FinalProject/Rte_BEA.h
	C:\ETASData\ISOLAR-A\workspace\FinalProject/Rte_BEA_Type.h
	C:\ETASData\ISOLAR-A\workspace\FinalProject/Rte_BSWMD.arxml
	C:\ETASData\ISOLAR-A\workspace\FinalProject/Rte_Catalog.xml
	C:\ETASData\ISOLAR-A\workspace\FinalProject/Rte_Cbk.h
	C:\ETASData\ISOLAR-A\workspace\FinalProject/Rte_Cfg.h
	C:\ETASData\ISOLAR-A\workspace\FinalProject/Rte_Const.h
	C:\ETASData\ISOLAR-A\workspace\FinalProject/Rte_DataHandleType.h
	C:\ETASData\ISOLAR-A\workspace\FinalProject/Rte_EEA.c
	C:\ETASData\ISOLAR-A\workspace\FinalProject/Rte_EEA.h
	C:\ETASData\ISOLAR-A\workspace\FinalProject/Rte_EEA_Type.h
	C:\ETASData\ISOLAR-A\workspace\FinalProject/Rte_EcuAbstraction.c
	C:\ETASData\ISOLAR-A\workspace\FinalProject/Rte_EcuAbstraction.h
	C:\ETASData\ISOLAR-A\workspace\FinalProject/Rte_EcuAbstraction_Type.h
	C:\ETASData\ISOLAR-A\workspace\FinalProject/Rte_Hook.h
	C:\ETASData\ISOLAR-A\workspace\FinalProject/Rte_Intl.h
	C:\ETASData\ISOLAR-A\workspace\FinalProject/Rte_Lib.c
	C:\ETASData\ISOLAR-A\workspace\FinalProject/Rte_Main.h
	C:\ETASData\ISOLAR-A\workspace\FinalProject/Rte_McSupportData.arxml
	C:\ETASData\ISOLAR-A\workspace\FinalProject/Rte_SensorSWComponent.c
	C:\ETASData\ISOLAR-A\workspace\FinalProject/Rte_SensorSWComponent.h
	C:\ETASData\ISOLAR-A\workspace\FinalProject/Rte_SensorSWComponent_Type.h
	C:\ETASData\ISOLAR-A\workspace\FinalProject/Rte_Type.h
	C:\ETASData\ISOLAR-A\workspace\FinalProject/osNeeds.arxml
	C:\ETASData\ISOLAR-A\workspace\FinalProject/rta-com.oil

########### ETAS RTE Messages Ends here ############

I53-6910: Configuration information -- Counter Rte_TickCounter must be ticked         at 100 ms.
I53-7800: Configuration information -- Optimizing server         '/EcuInstance_0_FlatView/SwComponentTypes/EcuInstance_0_FlatView/CPT_Algo'         port 'SensorToAlgo_PPort' operation 'ClientServerOperation_Sensor'         by eliding inter-task and inter-ECU handling.
I53-7800: Configuration information -- Optimizing server         '/EcuInstance_0_FlatView/SwComponentTypes/EcuInstance_0_FlatView/CPT_BEA'         port 'BrakeValue_PPort' operation 'ClientServerOperation_Brake' by         eliding inter-task and inter-ECU handling.
I53-7800: Configuration information -- Optimizing server         '/EcuInstance_0_FlatView/SwComponentTypes/EcuInstance_0_FlatView/CPT_EcuAbstraction'         port 'BrakeValue_PPort' operation 'ClientServerOperation_Brake' by         eliding inter-task and inter-ECU handling.
I53-7800: Configuration information -- Optimizing server         '/EcuInstance_0_FlatView/SwComponentTypes/EcuInstance_0_FlatView/CPT_EcuAbstraction'         port 'Sensor_PPort' operation 'ClientServerOperation_Sensor' by         eliding inter-task and inter-ECU handling.
I53-7800: Configuration information -- Optimizing server         '/EcuInstance_0_FlatView/SwComponentTypes/EcuInstance_0_FlatView/CPT_EcuAbstraction'         port 'Throttle_PPort' operation 'ClientServerOperation_Throttle' by         eliding inter-task and inter-ECU handling.
W14-1565: file: C:\ETASData\ISOLAR-A\workspace\FinalProject\Component.arxml, line: 136        Generation warning -- RTE Event 'Sensor_EVENT' within SW-C instance         '/EcuInstance_0_FlatView/SwComponentTypes/EcuInstance_0_FlatView/CPT_Algo'         is not mapped to a task and will be optimized to a direct function         call but the triggered runnable 'RE_Algo_Send' is not marked as         supporting concurrent invocation. This is unsafe if any of the         calling tasks can preempt each other.
W14-1565: file: C:\ETASData\ISOLAR-A\workspace\FinalProject\Component.arxml, line: 241        Generation warning -- RTE Event 'OperationInvokedEvent_BrakeValue'         within SW-C instance         '/EcuInstance_0_FlatView/SwComponentTypes/EcuInstance_0_FlatView/CPT_BEA'         is not mapped to a task and will be optimized to a direct function         call but the triggered runnable 'RE_BEA_Receive' is not marked as         supporting concurrent invocation. This is unsafe if any of the         calling tasks can preempt each other.
W14-1565: file: C:\ETASData\ISOLAR-A\workspace\FinalProject\Component.arxml, line: 27        Generation warning -- RTE Event 'Send_EVENT' within SW-C instance         '/EcuInstance_0_FlatView/SwComponentTypes/EcuInstance_0_FlatView/CPT_EcuAbstraction'         is not mapped to a task and will be optimized to a direct function         call but the triggered runnable 'RE_EcuAbstraction_Send' is not         marked as supporting concurrent invocation. This is unsafe if any of         the calling tasks can preempt each other.
W14-1565: file: C:\ETASData\ISOLAR-A\workspace\FinalProject\Component.arxml, line: 35        Generation warning -- RTE Event 'Brake_EVENT' within SW-C instance         '/EcuInstance_0_FlatView/SwComponentTypes/EcuInstance_0_FlatView/CPT_EcuAbstraction'         is not mapped to a task and will be optimized to a direct function         call but the triggered runnable 'RE_EcuAbstraction_Receive' is not         marked as supporting concurrent invocation. This is unsafe if any of         the calling tasks can preempt each other.
W14-1565: file: C:\ETASData\ISOLAR-A\workspace\FinalProject\Component.arxml, line: 43        Generation warning -- RTE Event 'Throttle_EVENT' within SW-C         instance         '/EcuInstance_0_FlatView/SwComponentTypes/EcuInstance_0_FlatView/CPT_EcuAbstraction'         is not mapped to a task and will be optimized to a direct function         call but the triggered runnable 'RE_EcuAbstraction_ReceiveThrottle'         is not marked as supporting concurrent invocation. This is unsafe if         any of the calling tasks can preempt each other.
W21-1145: Parameter warning -- The number of tool-chain significant characters         has been set on both the command line and the ECU configuration         file. The value specified on the command line will take precedence.         The existing value '128' will be used rather than new value '127'.
